Usage: ./MemTop [OPTIONS]

OPTIONS
=============================================

-p:<path>: 
	Overwrites the source of information for the number of Cuda Cores
	<path> specifies the path to the directory, that contains the 'deviceQuery' executable
-p: Overwrites the source of information for the number of Cuda Cores, uses 'nvidia-settings'
-d:<id> Sets the device, that will be benchmarked
-l1: Turns on benchmark for l1 data cache
-l2: Turns on benchmark for l2 data cache
-txt: Turns on benchmark for texture cache
-ro: Turns on benchmark for read-only cache
-c: Turns on benchmark for constant cache

If none of the benchmark switches is used, every benchmark is executed!
Specified deviceID 1
Will execute All Checks
Using helper_cuda option for number of cores


Measure if L1 is used for caching global loads
[L1_L2_DIFF.CUH]: Compare average values: L1 64.000000 <<>> L2 218.330000, compute absolute distance: 154.330000
EXECUTE L2 DATACACHE CHECK


Measure L2 DataCache Cache Line Size



Measure L2 DataCache latencyCycles



Measure L1 DataCache Size

Got Boundaries: 3840...4430
====================================================================================================
====================================================================================================

Measure L1 DataCache cache line size



Measure L1 DataCache latencyCycles



Measure L1 DataCache bandwidth


Measure Texture Cache Size

Got Boundaries: 2356...3080
====================================================================================================
====================================================================================================
Measure Texture Cache Cache Line Size


Measure Texture Cache latencyCycles



Measure ReadOnly Cache Size

Got Boundaries: 2912...3640
====================================================================================================
====================================================================================================

Measure ReadOnly Cache Cache Line Size



Measure ReadOnly Cache latencyCycles



Measure Constant Cache Size



Measure Constant Cache Cache Line Size



Measure Constant Cache latencyCycles



Measure Number Of Constant Caches (C1)

Executing helper "./c15"
Cycles: Latency Cycles: 120

Nanoseconds: Latency NSec: 170



Check two tex Share check


Check two RO Share check


Check two C1 Share check
Measured distances: Txt = 15.089844, RO = 16.122559, C1 = 46.000000


Check two L1 Share check
Measured distances: L1D = 5.093750


Check if Const L1 Cache and Data L1 Cache share the same Cache Hardware physically



Check if Read Only Cache and L1 Data Cache share the same Cache Hardware physically



Check if L1 Data Cache and Texture Cache share the same Cache Hardware physically



Check if Read Only Cache and Texture Cache share the same Cache Hardware physically

Print Result of Share Checks:
ConstantShareData: constDistance = 0.000000, dataDistance = 0.492188
ROShareData: roDistance = 0.344727, dataDistance = 0.000000
ROShareTexture: roDistance = 16.174805, textDistance = 15.469727
DataShareTexture: DataDistance = 0.430664, textDistance = 0.002930
Check how many Texture Caches exist Per SM

corePts: numTestedCores/-Threads = 1024
 4 Texture Cache(s) in 1 SM

Check how many L1 Data Caches exist Per SM

corePts: numTestedCores/-Threads = 1024
1 L1 Data Cache(s) in 1 SM

Measure Main Memory latencyCycles

Measure Shared Memory Latency



**************************************************
	PRINT GPU BENCHMARK RESULT
**************************************************

GPU name: Tesla K20c

PRINT COMPUTE RESOURCE INFORMATION:
CUDA compute capability: 3.50
Number Of streaming multiprocessors: 13
Number Of Cores in GPU: 2496
Number Of Cores/SM in GPU: 192

PRINT REGISTER INFORMATION:
Registers per thread block: 65536 32-bit registers
Registers per SM: 65536 32-bit registers

PRINT ADDITIONAL INFORMATION:
Memory Clock Frequency: 2.600 GHz
Memory Bus Width: 320 bits
GPU Clock rate: 705.500 MHz

PRINT L1 DATA CACHE INFORMATION:
Detected L1 Data Cache Size: 16.136719 KiB
Detected L1 Data Cache Line Size: 128 B
Detected L1 Data Cache Load Latency: 64 cycles
Detected L1 Data Cache Load Latency: 91 nanoseconds
L1 Data Cache Is Shared On SM-level
Does L1 Data Cache Share the physical cache with the Texture Cache? No
Does L1 Data Cache Share the physical cache with the Read-Only Cache? No
Does L1 Data Cache Share the physical cache with the Constant L1 Cache? No
Detected L1 Data Caches Per SM: 1

PRINT L2 CACHE INFORMATION:
Detected L2 Cache Size: 1.250 MiB
Detected L2 Cache Line Size: 32 B
Detected L2 Cache Load Latency: 223 cycles
Detected L2 Cache Load Latency: 312 nanoseconds
L2 Cache Is Shared On GPU-level

PRINT TEXTURE CACHE INFORMATION:
Detected Texture Cache Size: 12.007812 KiB
Detected Texture Cache Line Size: 32 B
Detected Texture Cache Load Latency: 110 cycles
Detected Texture Cache Load Latency: 157 nanoseconds
Texture Cache Is Shared On SM-level
Does Texture Cache Share the physical cache with the L1 Data Cache? No
Does Texture Cache Share the physical cache with the Read-Only Cache? Yes
Detected Texture Caches Per SM: 4

PRINT Read-Only CACHE INFORMATION:
Detected Read-Only Cache Size: 12.128906 KiB
Detected Read-Only Cache Line Size: 32 B
Detected Read-Only Cache Load Latency: 130 cycles
Detected Read-Only Cache Load Latency: 185 nanoseconds
Read-Only Cache Is Shared On SM-level
Does Read-Only Cache Share the physical cache with the L1 Data Cache? No
Does Read-Only Cache Share the physical cache with the Texture Cache? Yes
Detected Read-Only Caches Per SM: 4

PRINT CONSTANT CACHE L1 INFORMATION:
Detected Constant L1 Cache Size: 2.093750 KiB
Detected Constant L1 Cache Line Size: 64 B
Detected Constant L1 Cache Load Latency: 51 cycles
Detected Constant L1 Cache Load Latency: 71 nanoseconds
Constant L1 Cache Is Shared On SM-level
Does Constant L1 Cache Share the physical cache with the L1 Data Cache? No

Detected Constant L1 Caches Per SM: 4

PRINT CONSTANT L1.5 CACHE INFORMATION:
Detected Constant L1.5 Cache Size: 32.812500 KiB
Detected Constant L1.5 Cache Line Size: 256 B
Detected Constant L1.5 Cache Load Latency: 120 cycles
Detected Constant L1.5 Cache Load Latency: 170 nanoseconds
Const L1.5 Cache Is Shared On SM-level

PRINT MAIN MEMORY INFORMATION:
Detected Main Memory Size: 4.632751 GiB
Detected Main Memory Load Latency: 342 cycles
Detected Main Memory Load Latency: 312 nanoseconds
Main Memory Is Shared On GPU-level

PRINT SHARED MEMORY INFORMATION:
Detected Shared Memory Size: 48.000000 KiB
Detected Shared Memory Load Latency: 47 cycles
Detected Shared Memory Load Latency: 68 nanoseconds
Shared Memory Is Shared On SM-level

